  [1m[35m (18.1ms)[0m  [1m[35mSET NAMES utf8,  @@SESSION.sql_mode = CONCAT(CONCAT(@@sql_mode, ',STRICT_ALL_TABLES'), ',NO_AUTO_VALUE_ON_ZERO'),  @@SESSION.sql_auto_is_null = 0, @@SESSION.wait_timeout = 2147483[0m
  [1m[35m (7.5ms)[0m  [1m[35mCREATE DATABASE `chat_app_development` DEFAULT CHARACTER SET `utf8`[0m
  [1m[35m (0.5ms)[0m  [1m[35mSET NAMES utf8,  @@SESSION.sql_mode = CONCAT(CONCAT(@@sql_mode, ',STRICT_ALL_TABLES'), ',NO_AUTO_VALUE_ON_ZERO'),  @@SESSION.sql_auto_is_null = 0, @@SESSION.wait_timeout = 2147483[0m
  [1m[35m (1.3ms)[0m  [1m[35mCREATE DATABASE `chat_app_test` DEFAULT CHARACTER SET `utf8`[0m
Started GET "/" for ::1 at 2020-12-02 12:13:06 +0900
  [1m[35m (1.4ms)[0m  [1m[35mSET NAMES utf8,  @@SESSION.sql_mode = CONCAT(CONCAT(@@sql_mode, ',STRICT_ALL_TABLES'), ',NO_AUTO_VALUE_ON_ZERO'),  @@SESSION.sql_auto_is_null = 0, @@SESSION.wait_timeout = 2147483[0m
Processing by MessagesController#index as HTML
  Rendering messages/index.html.erb within layouts/application
  Rendered messages/index.html.erb within layouts/application (Duration: 2.0ms | Allocations: 375)
[Webpacker] Compiling...
[Webpacker] Compiled all packs in /Users/kurachiikki/Desktop/projects/chat-app/public/packs
[Webpacker] Hash: 15d1bb7b54cf6326b9ba
Version: webpack 4.44.2
Time: 2432ms
Built at: 2020/12/02 12:13:13
                                     Asset       Size       Chunks                         Chunk Names
    js/application-9afcbb5693aa87623e69.js    124 KiB  application  [emitted] [immutable]  application
js/application-9afcbb5693aa87623e69.js.map    139 KiB  application  [emitted] [dev]        application
                             manifest.json  364 bytes               [emitted]              
Entrypoint application = js/application-9afcbb5693aa87623e69.js js/application-9afcbb5693aa87623e69.js.map
[./app/javascript/channels sync recursive _channel\.js$] ./app/javascript/channels sync _channel\.js$ 160 bytes {application} [built]
[./app/javascript/channels/index.js] 211 bytes {application} [built]
[./app/javascript/packs/application.js] 749 bytes {application} [built]
[./node_modules/webpack/buildin/module.js] (webpack)/buildin/module.js 552 bytes {application} [built]
    + 3 hidden modules

Completed 200 OK in 6250ms (Views: 6241.0ms | ActiveRecord: 0.0ms | Allocations: 1534455)


Started GET "/" for ::1 at 2020-12-02 13:05:06 +0900
  [1m[35m (0.5ms)[0m  [1m[35mSET NAMES utf8,  @@SESSION.sql_mode = CONCAT(CONCAT(@@sql_mode, ',STRICT_ALL_TABLES'), ',NO_AUTO_VALUE_ON_ZERO'),  @@SESSION.sql_auto_is_null = 0, @@SESSION.wait_timeout = 2147483[0m
Processing by MessagesController#index as HTML
  Rendering messages/index.html.erb within layouts/application
  Rendered messages/_side_bar.html.erb (Duration: 0.6ms | Allocations: 86)
  Rendered messages/_main_chat.html.erb (Duration: 0.3ms | Allocations: 83)
  Rendered messages/index.html.erb within layouts/application (Duration: 3.3ms | Allocations: 717)
[Webpacker] Everything's up-to-date. Nothing to do
Completed 200 OK in 38ms (Views: 35.5ms | ActiveRecord: 0.0ms | Allocations: 8332)


Started GET "/" for ::1 at 2020-12-02 13:14:24 +0900
  [1m[35m (0.3ms)[0m  [1m[35mSET NAMES utf8,  @@SESSION.sql_mode = CONCAT(CONCAT(@@sql_mode, ',STRICT_ALL_TABLES'), ',NO_AUTO_VALUE_ON_ZERO'),  @@SESSION.sql_auto_is_null = 0, @@SESSION.wait_timeout = 2147483[0m
Processing by MessagesController#index as HTML
  Rendering messages/index.html.erb within layouts/application
  Rendered messages/_side_bar.html.erb (Duration: 0.4ms | Allocations: 73)
  Rendered messages/_main_chat.html.erb (Duration: 0.2ms | Allocations: 72)
  Rendered messages/index.html.erb within layouts/application (Duration: 2.5ms | Allocations: 686)
[Webpacker] Everything's up-to-date. Nothing to do
Completed 200 OK in 29ms (Views: 27.6ms | ActiveRecord: 0.0ms | Allocations: 9240)


Started GET "/" for ::1 at 2020-12-02 13:23:32 +0900
  [1m[35m (0.3ms)[0m  [1m[35mSET NAMES utf8,  @@SESSION.sql_mode = CONCAT(CONCAT(@@sql_mode, ',STRICT_ALL_TABLES'), ',NO_AUTO_VALUE_ON_ZERO'),  @@SESSION.sql_auto_is_null = 0, @@SESSION.wait_timeout = 2147483[0m
Processing by MessagesController#index as HTML
  Rendering messages/index.html.erb within layouts/application
  Rendered messages/_side_bar.html.erb (Duration: 0.5ms | Allocations: 85)
  Rendered messages/_main_chat.html.erb (Duration: 0.4ms | Allocations: 87)
  Rendered messages/index.html.erb within layouts/application (Duration: 3.0ms | Allocations: 704)
[Webpacker] Everything's up-to-date. Nothing to do
Completed 200 OK in 62ms (Views: 59.6ms | ActiveRecord: 0.0ms | Allocations: 9830)


Started GET "/" for ::1 at 2020-12-02 13:26:41 +0900
Processing by MessagesController#index as HTML
  Rendering messages/index.html.erb within layouts/application
  Rendered messages/_side_bar.html.erb (Duration: 0.0ms | Allocations: 6)
  Rendered messages/_main_chat.html.erb (Duration: 0.0ms | Allocations: 5)
  Rendered messages/index.html.erb within layouts/application (Duration: 0.3ms | Allocations: 148)
[Webpacker] Everything's up-to-date. Nothing to do
Completed 200 OK in 26ms (Views: 25.6ms | ActiveRecord: 0.0ms | Allocations: 8078)


Started GET "/" for ::1 at 2020-12-02 13:26:42 +0900
Processing by MessagesController#index as HTML
  Rendering messages/index.html.erb within layouts/application
  Rendered messages/_side_bar.html.erb (Duration: 0.0ms | Allocations: 6)
  Rendered messages/_main_chat.html.erb (Duration: 0.0ms | Allocations: 5)
  Rendered messages/index.html.erb within layouts/application (Duration: 0.3ms | Allocations: 147)
[Webpacker] Everything's up-to-date. Nothing to do
Completed 200 OK in 17ms (Views: 15.9ms | ActiveRecord: 0.0ms | Allocations: 5276)


